<?xml version="1.0" encoding="UTF-8"?>
<!-- Generated by org.testng.reporters.JUnitReportReporter -->
<testsuite skipped="1" hostname="CAIH-PC" name="test.pres.tool.text.TestDisposeText" tests="2" failures="0" timestamp="11 七月 2019 01:02:29 GMT" time="0.056" errors="0">
  <testcase name="test_04_wordDelDuplication" time="0.056" classname="test.pres.tool.text.TestDisposeText"/>
  <testcase name="test_01_readFile" classname="test.pres.tool.text.TestDisposeText">
    <skipped/>
  </testcase> <!-- test_01_readFile -->
</testsuite> <!-- test.pres.tool.text.TestDisposeText -->
