<?xml version="1.0" encoding="UTF-8"?>
<!-- Generated by org.testng.reporters.JUnitReportReporter -->
<testsuite skipped="1" hostname="CAIH-PC" name="test.pres.tool.file.TestDisposeText" tests="2" failures="0" timestamp="15 七月 2019 05:08:36 GMT" time="0.671" errors="0">
  <testcase name="test_04_wordDelDuplication" time="0.671" classname="test.pres.tool.file.TestDisposeText"/>
  <testcase name="test_01_readFile" classname="test.pres.tool.file.TestDisposeText">
    <skipped/>
  </testcase> <!-- test_01_readFile -->
</testsuite> <!-- test.pres.tool.file.TestDisposeText -->
