<?xml version="1.0" encoding="UTF-8"?>
<!-- Generated by org.testng.reporters.JUnitReportReporter -->
<testsuite hostname="E8WPO9ZF7HLPHVE" failures="0" tests="1" name="test.pres.tool.file.TestDisposeText" time="0.053" errors="0" timestamp="20 Sep 2019 02:54:23 GMT">
  <testcase classname="test.pres.tool.file.TestDisposeText" name="test_01_compareFileWord" time="0.053"/>
</testsuite> <!-- test.pres.tool.file.TestDisposeText -->
