<?xml version="1.0" encoding="UTF-8"?>
<!-- Generated by org.testng.reporters.JUnitReportReporter -->
<testsuite skipped="0" hostname="E8WPO9ZF7HLPHVE" name="test.pres.tool.web.TestWebDataCompare" tests="1" failures="0" timestamp="03 八月 2019 03:18:02 GMT" time="4.905" errors="0">
  <testcase name="test_04_dataConstraint" time="4.905" classname="test.pres.tool.web.TestWebDataCompare"/>
</testsuite> <!-- test.pres.tool.web.TestWebDataCompare -->
