<?xml version="1.0" encoding="UTF-8"?>
<!-- Generated by org.testng.reporters.JUnitReportReporter -->
<testsuite skipped="1" hostname="CAIH-PC" name="test.pres.tool.text.TestDisposeText" tests="2" failures="0" timestamp="10 七月 2019 01:03:49 GMT" time="0.053" errors="0">
  <testcase name="test_03_compareFileText" time="0.053" classname="test.pres.tool.text.TestDisposeText"/>
  <testcase name="test_01_readFile" classname="test.pres.tool.text.TestDisposeText">
    <skipped/>
  </testcase> <!-- test_01_readFile -->
</testsuite> <!-- test.pres.tool.text.TestDisposeText -->
