<?xml version="1.0" encoding="UTF-8"?>
<!-- Generated by org.testng.reporters.JUnitReportReporter -->
<testsuite skipped="0" hostname="E8WPO9ZF7HLPHVE" name="test.pres.tool.web.TestWebDataToFile" tests="1" failures="0" timestamp="03 八月 2019 09:10:39 GMT" time="4.218" errors="0">
  <testcase name="test_04_IdDataToFile" time="4.218" classname="test.pres.tool.web.TestWebDataToFile"/>
</testsuite> <!-- test.pres.tool.web.TestWebDataToFile -->
