<?xml version="1.0" encoding="UTF-8"?>
<!-- Generated by org.testng.reporters.JUnitReportReporter -->
<testsuite skipped="0" hostname="CAIH-PC" name="test.pres.tool.web.TestWebDataToFile" tests="1" failures="0" timestamp="20 七月 2019 10:16:21 GMT" time="5.141" errors="0">
  <testcase name="test_03_webListDataToFile" time="5.141" classname="test.pres.tool.web.TestWebDataToFile"/>
</testsuite> <!-- test.pres.tool.web.TestWebDataToFile -->
