<?xml version="1.0" encoding="UTF-8"?>
<!-- Generated by org.testng.reporters.JUnitReportReporter -->
<testsuite skipped="0" hostname="E8WPO9ZF7HLPHVE" name="test.pres.tool.web.TestCondition" tests="1" failures="0" timestamp="02 八月 2019 08:25:16 GMT" time="0.012" errors="0">
  <testcase name="test_04_isConformToConstraint_number" time="0.012" classname="test.pres.tool.web.TestCondition"/>
</testsuite> <!-- test.pres.tool.web.TestCondition -->
