<?xml version="1.0" encoding="UTF-8"?>
<!-- Generated by org.testng.reporters.JUnitReportReporter -->
<testsuite hostname="E8WPO9ZF7HLPHVE" failures="0" tests="1" name="test.pres.tool.web.TestWebDataToFile" time="3.412" errors="0" timestamp="06 8æœˆ 2019 07:50:45 GMT" skipped="0">
  <testcase classname="test.pres.tool.web.TestWebDataToFile" name="test_03_webListDataToFile" time="3.412"/>
</testsuite> <!-- test.pres.tool.web.TestWebDataToFile -->
